This is pdfTeX, Version 3.141592653-2.6-1.40.28 (TeX Live 2025) (preloaded format=pdflatex 2025.11.5)  28 APR 2026 21:06
entering extended mode
 restricted \write18 enabled.
 file:line:error style messages enabled.
 %&-line parsing enabled.
**src/p2_1_delivery.tex
(./src/p2_1_delivery.tex
LaTeX2e <2025-11-01>
L3 programming layer <2025-10-24>
(/Users/sindrimasson/Library/TinyTeX/texmf-dist/tex/latex/base/article.cls
Document Class: article 2025/01/22 v1.4n Standard LaTeX document class
(/Users/sindrimasson/Library/TinyTeX/texmf-dist/tex/latex/base/size11.clo
File: size11.clo 2025/01/22 v1.4n Standard LaTeX file (size option)
)
\c@part=\count275
\c@section=\count276
\c@subsection=\count277
\c@subsubsection=\count278
\c@paragraph=\count279
\c@subparagraph=\count280
\c@figure=\count281
\c@table=\count282
\abovecaptionskip=\skip49
\belowcaptionskip=\skip50
\bibindent=\dimen148
) (/Users/sindrimasson/Library/TinyTeX/texmf-dist/tex/latex/geometry/geometry.sty
Package: geometry 2020/01/02 v5.9 Page Geometry
 (/Users/sindrimasson/Library/TinyTeX/texmf-dist/tex/latex/graphics/keyval.sty
Package: keyval 2022/05/29 v1.15 key=value parser (DPC)
\KV@toks@=\toks17
) (/Users/sindrimasson/Library/TinyTeX/texmf-dist/tex/generic/iftex/ifvtex.sty
Package: ifvtex 2019/10/25 v1.7 ifvtex legacy package. Use iftex instead.
 (/Users/sindrimasson/Library/TinyTeX/texmf-dist/tex/generic/iftex/iftex.sty
Package: iftex 2024/12/12 v1.0g TeX engine tests
))
\Gm@cnth=\count283
\Gm@cntv=\count284
\c@Gm@tempcnt=\count285
\Gm@bindingoffset=\dimen149
\Gm@wd@mp=\dimen150
\Gm@odd@mp=\dimen151
\Gm@even@mp=\dimen152
\Gm@layoutwidth=\dimen153
\Gm@layoutheight=\dimen154
\Gm@layouthoffset=\dimen155
\Gm@layoutvoffset=\dimen156
\Gm@dimlist=\toks18
) (/Users/sindrimasson/Library/TinyTeX/texmf-dist/tex/latex/base/fontenc.sty
Package: fontenc 2025/07/18 v2.1d Standard LaTeX package
) (/Users/sindrimasson/Library/TinyTeX/texmf-dist/tex/latex/base/inputenc.sty
Package: inputenc 2024/02/08 v1.3d Input encoding file
\inpenc@prehook=\toks19
\inpenc@posthook=\toks20
) (/Users/sindrimasson/Library/TinyTeX/texmf-dist/tex/latex/lm/lmodern.sty
Package: lmodern 2015/05/01 v1.6.1 Latin Modern Fonts
LaTeX Font Info:    Overwriting symbol font `operators' in version `normal'
(Font)                  OT1/cmr/m/n --> OT1/lmr/m/n on input line 22.
LaTeX Font Info:    Overwriting symbol font `letters' in version `normal'
(Font)                  OML/cmm/m/it --> OML/lmm/m/it on input line 23.
LaTeX Font Info:    Overwriting symbol font `symbols' in version `normal'
(Font)                  OMS/cmsy/m/n --> OMS/lmsy/m/n on input line 24.
LaTeX Font Info:    Overwriting symbol font `largesymbols' in version `normal'
(Font)                  OMX/cmex/m/n --> OMX/lmex/m/n on input line 25.
LaTeX Font Info:    Overwriting symbol font `operators' in version `bold'
(Font)                  OT1/cmr/bx/n --> OT1/lmr/bx/n on input line 26.
LaTeX Font Info:    Overwriting symbol font `letters' in version `bold'
(Font)                  OML/cmm/b/it --> OML/lmm/b/it on input line 27.
LaTeX Font Info:    Overwriting symbol font `symbols' in version `bold'
(Font)                  OMS/cmsy/b/n --> OMS/lmsy/b/n on input line 28.
LaTeX Font Info:    Overwriting symbol font `largesymbols' in version `bold'
(Font)                  OMX/cmex/m/n --> OMX/lmex/m/n on input line 29.
LaTeX Font Info:    Overwriting math alphabet `\mathbf' in version `normal'
(Font)                  OT1/cmr/bx/n --> OT1/lmr/bx/n on input line 31.
LaTeX Font Info:    Overwriting math alphabet `\mathsf' in version `normal'
(Font)                  OT1/cmss/m/n --> OT1/lmss/m/n on input line 32.
LaTeX Font Info:    Overwriting math alphabet `\mathit' in version `normal'
(Font)                  OT1/cmr/m/it --> OT1/lmr/m/it on input line 33.
LaTeX Font Info:    Overwriting math alphabet `\mathtt' in version `normal'
(Font)                  OT1/cmtt/m/n --> OT1/lmtt/m/n on input line 34.
LaTeX Font Info:    Overwriting math alphabet `\mathbf' in version `bold'
(Font)                  OT1/cmr/bx/n --> OT1/lmr/bx/n on input line 35.
LaTeX Font Info:    Overwriting math alphabet `\mathsf' in version `bold'
(Font)                  OT1/cmss/bx/n --> OT1/lmss/bx/n on input line 36.
LaTeX Font Info:    Overwriting math alphabet `\mathit' in version `bold'
(Font)                  OT1/cmr/bx/it --> OT1/lmr/bx/it on input line 37.
LaTeX Font Info:    Overwriting math alphabet `\mathtt' in version `bold'
(Font)                  OT1/cmtt/m/n --> OT1/lmtt/m/n on input line 38.
) (/Users/sindrimasson/Library/TinyTeX/texmf-dist/tex/latex/microtype/microtype.sty
Package: microtype 2026/03/01 v3.2d Micro-typographical refinements (RS)
 (/Users/sindrimasson/Library/TinyTeX/texmf-dist/tex/latex/etoolbox/etoolbox.sty
Package: etoolbox 2025/10/02 v2.5m e-TeX tools for LaTeX (JAW)
\etb@tempcnta=\count286
)
\MT@toks=\toks21
\MT@tempbox=\box53
\MT@count=\count287
LaTeX Info: Redefining \noprotrusionifhmode on input line 1084.
LaTeX Info: Redefining \leftprotrusion on input line 1085.
\MT@prot@toks=\toks22
LaTeX Info: Redefining \rightprotrusion on input line 1104.
LaTeX Info: Redefining \textls on input line 1449.
\MT@outer@kern=\dimen157
LaTeX Info: Redefining \microtypecontext on input line 2053.
LaTeX Info: Redefining \textmicrotypecontext on input line 2070.
\MT@listname@count=\count288
 (/Users/sindrimasson/Library/TinyTeX/texmf-dist/tex/latex/microtype/microtype-pdftex.def
File: microtype-pdftex.def 2026/03/01 v3.2d Definitions specific to pdftex (RS)
LaTeX Info: Redefining \lsstyle on input line 944.
LaTeX Info: Redefining \lslig on input line 944.
\MT@outer@space=\skip51
)
Package microtype Info: Loading configuration file microtype.cfg.
 (/Users/sindrimasson/Library/TinyTeX/texmf-dist/tex/latex/microtype/microtype.cfg
File: microtype.cfg 2026/03/01 v3.2d microtype main configuration file (RS)
)
LaTeX Info: Redefining \microtypesetup on input line 3065.
) (/Users/sindrimasson/Library/TinyTeX/texmf-dist/tex/latex/amsmath/amsmath.sty
Package: amsmath 2025/07/09 v2.17z AMS math features
\@mathmargin=\skip52

For additional information on amsmath, use the `?' option.
(/Users/sindrimasson/Library/TinyTeX/texmf-dist/tex/latex/amsmath/amstext.sty
Package: amstext 2024/11/17 v2.01 AMS text
 (/Users/sindrimasson/Library/TinyTeX/texmf-dist/tex/latex/amsmath/amsgen.sty
File: amsgen.sty 1999/11/30 v2.0 generic functions
\@emptytoks=\toks23
\ex@=\dimen158
)) (/Users/sindrimasson/Library/TinyTeX/texmf-dist/tex/latex/amsmath/amsbsy.sty
Package: amsbsy 1999/11/29 v1.2d Bold Symbols
\pmbraise@=\dimen159
) (/Users/sindrimasson/Library/TinyTeX/texmf-dist/tex/latex/amsmath/amsopn.sty
Package: amsopn 2022/04/08 v2.04 operator names
)
\inf@bad=\count289
LaTeX Info: Redefining \frac on input line 233.
\uproot@=\count290
\leftroot@=\count291
LaTeX Info: Redefining \overline on input line 398.
LaTeX Info: Redefining \colon on input line 409.
\classnum@=\count292
\DOTSCASE@=\count293
LaTeX Info: Redefining \ldots on input line 495.
LaTeX Info: Redefining \dots on input line 498.
LaTeX Info: Redefining \cdots on input line 619.
\Mathstrutbox@=\box54
\strutbox@=\box55
LaTeX Info: Redefining \big on input line 721.
LaTeX Info: Redefining \Big on input line 722.
LaTeX Info: Redefining \bigg on input line 723.
LaTeX Info: Redefining \Bigg on input line 724.
\big@size=\dimen160
LaTeX Font Info:    Redeclaring font encoding OML on input line 742.
LaTeX Font Info:    Redeclaring font encoding OMS on input line 743.
\macc@depth=\count294
LaTeX Info: Redefining \bmod on input line 904.
LaTeX Info: Redefining \pmod on input line 909.
LaTeX Info: Redefining \smash on input line 939.
LaTeX Info: Redefining \relbar on input line 969.
LaTeX Info: Redefining \Relbar on input line 970.
\c@MaxMatrixCols=\count295
\dotsspace@=\muskip17
\c@parentequation=\count296
\dspbrk@lvl=\count297
\tag@help=\toks24
\row@=\count298
\column@=\count299
\maxfields@=\count300
\andhelp@=\toks25
\eqnshift@=\dimen161
\alignsep@=\dimen162
\tagshift@=\dimen163
\tagwidth@=\dimen164
\totwidth@=\dimen165
\lineht@=\dimen166
\@envbody=\toks26
\multlinegap=\skip53
\multlinetaggap=\skip54
\mathdisplay@stack=\toks27
LaTeX Info: Redefining \[ on input line 2950.
LaTeX Info: Redefining \] on input line 2951.
) (/Users/sindrimasson/Library/TinyTeX/texmf-dist/tex/latex/graphics/graphicx.sty
Package: graphicx 2024/12/31 v1.2e Enhanced LaTeX Graphics (DPC,SPQR)
 (/Users/sindrimasson/Library/TinyTeX/texmf-dist/tex/latex/graphics/graphics.sty
Package: graphics 2024/08/06 v1.4g Standard LaTeX Graphics (DPC,SPQR)
 (/Users/sindrimasson/Library/TinyTeX/texmf-dist/tex/latex/graphics/trig.sty
Package: trig 2023/12/02 v1.11 sin cos tan (DPC)
) (/Users/sindrimasson/Library/TinyTeX/texmf-dist/tex/latex/graphics-cfg/graphics.cfg
File: graphics.cfg 2016/06/04 v1.11 sample graphics configuration
)
Package graphics Info: Driver file: pdftex.def on input line 106.
 (/Users/sindrimasson/Library/TinyTeX/texmf-dist/tex/latex/graphics-def/pdftex.def
File: pdftex.def 2025/09/29 v1.2d Graphics/color driver for pdftex
))
\Gin@req@height=\dimen167
\Gin@req@width=\dimen168
) (/Users/sindrimasson/Library/TinyTeX/texmf-dist/tex/latex/booktabs/booktabs.sty
Package: booktabs 2020/01/12 v1.61803398 Publication quality tables
\heavyrulewidth=\dimen169
\lightrulewidth=\dimen170
\cmidrulewidth=\dimen171
\belowrulesep=\dimen172
\belowbottomsep=\dimen173
\aboverulesep=\dimen174
\abovetopsep=\dimen175
\cmidrulesep=\dimen176
\cmidrulekern=\dimen177
\defaultaddspace=\dimen178
\@cmidla=\count301
\@cmidlb=\count302
\@aboverulesep=\dimen179
\@belowrulesep=\dimen180
\@thisruleclass=\count303
\@lastruleclass=\count304
\@thisrulewidth=\dimen181
) (/Users/sindrimasson/Library/TinyTeX/texmf-dist/tex/latex/tools/tabularx.sty
Package: tabularx 2023/12/11 v2.12a `tabularx' package (DPC)
 (/Users/sindrimasson/Library/TinyTeX/texmf-dist/tex/latex/tools/array.sty
Package: array 2025/09/25 v2.6n Tabular extension package (FMi)
\col@sep=\dimen182
\ar@mcellbox=\box56
\extrarowheight=\dimen183
\NC@list=\toks28
\extratabsurround=\skip55
\backup@length=\skip56
\ar@cellbox=\box57
)
\TX@col@width=\dimen184
\TX@old@table=\dimen185
\TX@old@col=\dimen186
\TX@target=\dimen187
\TX@delta=\dimen188
\TX@cols=\count305
\TX@ftn=\toks29
) (/Users/sindrimasson/Library/TinyTeX/texmf-dist/tex/latex/enumitem/enumitem.sty
Package: enumitem 2025/02/06 v3.11 Customized lists
\labelindent=\skip57
\enit@outerparindent=\dimen189
\enit@toks=\toks30
\enit@inbox=\box58
\enit@count@id=\count306
\enitdp@description=\count307
) (/Users/sindrimasson/Library/TinyTeX/texmf-dist/tex/latex/xcolor/xcolor.sty
Package: xcolor 2024/09/29 v3.02 LaTeX color extensions (UK)
 (/Users/sindrimasson/Library/TinyTeX/texmf-dist/tex/latex/graphics-cfg/color.cfg
File: color.cfg 2016/01/02 v1.6 sample color configuration
)
Package xcolor Info: Driver file: pdftex.def on input line 274.
 (/Users/sindrimasson/Library/TinyTeX/texmf-dist/tex/latex/graphics/mathcolor.ltx)
Package xcolor Info: Model `cmy' substituted by `cmy0' on input line 1349.
Package xcolor Info: Model `hsb' substituted by `rgb' on input line 1353.
Package xcolor Info: Model `RGB' extended on input line 1365.
Package xcolor Info: Model `HTML' substituted by `rgb' on input line 1367.
Package xcolor Info: Model `Hsb' substituted by `hsb' on input line 1368.
Package xcolor Info: Model `tHsb' substituted by `hsb' on input line 1369.
Package xcolor Info: Model `HSB' substituted by `hsb' on input line 1370.
Package xcolor Info: Model `Gray' substituted by `gray' on input line 1371.
Package xcolor Info: Model `wave' substituted by `hsb' on input line 1372.
) (/Users/sindrimasson/Library/TinyTeX/texmf-dist/tex/latex/hyperref/hyperref.sty
Package: hyperref 2025-07-12 v7.01o Hypertext links for LaTeX
 (/Users/sindrimasson/Library/TinyTeX/texmf-dist/tex/latex/kvsetkeys/kvsetkeys.sty
Package: kvsetkeys 2022-10-05 v1.19 Key value parser (HO)
) (/Users/sindrimasson/Library/TinyTeX/texmf-dist/tex/generic/kvdefinekeys/kvdefinekeys.sty
Package: kvdefinekeys 2019-12-19 v1.6 Define keys (HO)
) (/Users/sindrimasson/Library/TinyTeX/texmf-dist/tex/generic/pdfescape/pdfescape.sty
Package: pdfescape 2019/12/09 v1.15 Implements pdfTeX's escape features (HO)
 (/Users/sindrimasson/Library/TinyTeX/texmf-dist/tex/generic/ltxcmds/ltxcmds.sty
Package: ltxcmds 2023-12-04 v1.26 LaTeX kernel commands for general use (HO)
) (/Users/sindrimasson/Library/TinyTeX/texmf-dist/tex/generic/pdftexcmds/pdftexcmds.sty
Package: pdftexcmds 2020-06-27 v0.33 Utility functions of pdfTeX for LuaTeX (HO)
 (/Users/sindrimasson/Library/TinyTeX/texmf-dist/tex/generic/infwarerr/infwarerr.sty
Package: infwarerr 2019/12/03 v1.5 Providing info/warning/error messages (HO)
)
Package pdftexcmds Info: \pdf@primitive is available.
Package pdftexcmds Info: \pdf@ifprimitive is available.
Package pdftexcmds Info: \pdfdraftmode found.
)) (/Users/sindrimasson/Library/TinyTeX/texmf-dist/tex/latex/hycolor/hycolor.sty
Package: hycolor 2020-01-27 v1.10 Color options for hyperref/bookmark (HO)
) (/Users/sindrimasson/Library/TinyTeX/texmf-dist/tex/latex/hyperref/nameref.sty
Package: nameref 2025-06-21 v2.57 Cross-referencing by name of section
 (/Users/sindrimasson/Library/TinyTeX/texmf-dist/tex/latex/refcount/refcount.sty
Package: refcount 2019/12/15 v3.6 Data extraction from label references (HO)
) (/Users/sindrimasson/Library/TinyTeX/texmf-dist/tex/generic/gettitlestring/gettitlestring.sty
Package: gettitlestring 2019/12/15 v1.6 Cleanup title references (HO)
 (/Users/sindrimasson/Library/TinyTeX/texmf-dist/tex/latex/kvoptions/kvoptions.sty
Package: kvoptions 2022-06-15 v3.15 Key value format for package options (HO)
))
\c@section@level=\count308
) (/Users/sindrimasson/Library/TinyTeX/texmf-dist/tex/generic/stringenc/stringenc.sty
Package: stringenc 2019/11/29 v1.12 Convert strings between diff. encodings (HO)
)
\@linkdim=\dimen190
\Hy@linkcounter=\count309
\Hy@pagecounter=\count310
 (/Users/sindrimasson/Library/TinyTeX/texmf-dist/tex/latex/hyperref/pd1enc.def
File: pd1enc.def 2025-07-12 v7.01o Hyperref: PDFDocEncoding definition (HO)
Now handling font encoding PD1 ...
... no UTF-8 mapping file for font encoding PD1
) (/Users/sindrimasson/Library/TinyTeX/texmf-dist/tex/generic/intcalc/intcalc.sty
Package: intcalc 2019/12/15 v1.3 Expandable calculations with integers (HO)
)
\Hy@SavedSpaceFactor=\count311
 (/Users/sindrimasson/Library/TinyTeX/texmf-dist/tex/latex/hyperref/puenc.def
File: puenc.def 2025-07-12 v7.01o Hyperref: PDF Unicode definition (HO)
Now handling font encoding PU ...
... no UTF-8 mapping file for font encoding PU
)
Package hyperref Info: Hyper figures OFF on input line 4195.
Package hyperref Info: Link nesting OFF on input line 4200.
Package hyperref Info: Hyper index ON on input line 4203.
Package hyperref Info: Plain pages OFF on input line 4210.
Package hyperref Info: Backreferencing OFF on input line 4215.
Package hyperref Info: Implicit mode ON; LaTeX internals redefined.
Package hyperref Info: Bookmarks ON on input line 4462.
\c@Hy@tempcnt=\count312
 (/Users/sindrimasson/Library/TinyTeX/texmf-dist/tex/latex/url/url.sty
\Urlmuskip=\muskip18
Package: url 2013/09/16  ver 3.4  Verb mode for urls, etc.
)
LaTeX Info: Redefining \url on input line 4801.
\XeTeXLinkMargin=\dimen191
 (/Users/sindrimasson/Library/TinyTeX/texmf-dist/tex/generic/bitset/bitset.sty
Package: bitset 2019/12/09 v1.3 Handle bit-vector datatype (HO)
 (/Users/sindrimasson/Library/TinyTeX/texmf-dist/tex/generic/bigintcalc/bigintcalc.sty
Package: bigintcalc 2019/12/15 v1.5 Expandable calculations on big integers (HO)
))
\Fld@menulength=\count313
\Field@Width=\dimen192
\Fld@charsize=\dimen193
Package hyperref Info: Hyper figures OFF on input line 6078.
Package hyperref Info: Link nesting OFF on input line 6083.
Package hyperref Info: Hyper index ON on input line 6086.
Package hyperref Info: backreferencing OFF on input line 6093.
Package hyperref Info: Link coloring OFF on input line 6098.
Package hyperref Info: Link coloring with OCG OFF on input line 6103.
Package hyperref Info: PDF/A mode OFF on input line 6108.
\Hy@abspage=\count314
\c@Item=\count315
\c@Hfootnote=\count316
)
Package hyperref Info: Driver (autodetected): hpdftex.
 (/Users/sindrimasson/Library/TinyTeX/texmf-dist/tex/latex/hyperref/hpdftex.def
File: hpdftex.def 2025-07-12 v7.01o Hyperref driver for pdfTeX
\Fld@listcount=\count317
\c@bookmark@seq@number=\count318
 (/Users/sindrimasson/Library/TinyTeX/texmf-dist/tex/latex/rerunfilecheck/rerunfilecheck.sty
Package: rerunfilecheck 2025-06-21 v1.11 Rerun checks for auxiliary files (HO)
 (/Users/sindrimasson/Library/TinyTeX/texmf-dist/tex/generic/uniquecounter/uniquecounter.sty
Package: uniquecounter 2019/12/15 v1.4 Provide unlimited unique counter (HO)
)
Package uniquecounter Info: New unique counter `rerunfilecheck' on input line 284.
)
\Hy@SectionHShift=\skip58
) (/Users/sindrimasson/Library/TinyTeX/texmf-dist/tex/latex/float/float.sty
Package: float 2001/11/08 v1.3d Float enhancements (AL)
\c@float@type=\count319
\float@exts=\toks31
\float@box=\box59
\@float@everytoks=\toks32
\@floatcapt=\box60
)
Package hyperref Info: Option `colorlinks' set `true' on input line 25.
Package hyperref Info: Option `hypertexnames' set `false' on input line 25.
LaTeX Font Info:    Trying to load font information for T1+lmr on input line 41.
 (/Users/sindrimasson/Library/TinyTeX/texmf-dist/tex/latex/lm/t1lmr.fd
File: t1lmr.fd 2015/05/01 v1.6.1 Font defs for Latin Modern
) (/Users/sindrimasson/Library/TinyTeX/texmf-dist/tex/latex/l3backend/l3backend-pdftex.def
File: l3backend-pdftex.def 2025-10-09 L3 backend support: PDF output (pdfTeX)
\l__color_backend_stack_int=\count320
) (build/p2_1_delivery.aux)
\openout1 = `p2_1_delivery.aux'.

LaTeX Font Info:    Checking defaults for OML/cmm/m/it on input line 41.
LaTeX Font Info:    ... okay on input line 41.
LaTeX Font Info:    Checking defaults for OMS/cmsy/m/n on input line 41.
LaTeX Font Info:    ... okay on input line 41.
LaTeX Font Info:    Checking defaults for OT1/cmr/m/n on input line 41.
LaTeX Font Info:    ... okay on input line 41.
LaTeX Font Info:    Checking defaults for T1/cmr/m/n on input line 41.
LaTeX Font Info:    ... okay on input line 41.
LaTeX Font Info:    Checking defaults for TS1/cmr/m/n on input line 41.
LaTeX Font Info:    ... okay on input line 41.
LaTeX Font Info:    Checking defaults for OMX/cmex/m/n on input line 41.
LaTeX Font Info:    ... okay on input line 41.
LaTeX Font Info:    Checking defaults for U/cmr/m/n on input line 41.
LaTeX Font Info:    ... okay on input line 41.
LaTeX Font Info:    Checking defaults for PD1/pdf/m/n on input line 41.
LaTeX Font Info:    ... okay on input line 41.
LaTeX Font Info:    Checking defaults for PU/pdf/m/n on input line 41.
LaTeX Font Info:    ... okay on input line 41.

*geometry* driver: auto-detecting
*geometry* detected driver: pdftex
*geometry* verbose mode - [ preamble ] result:
* driver: pdftex
* paper: a4paper
* layout: <same size as paper>
* layoutoffset:(h,v)=(0.0pt,0.0pt)
* modes: 
* h-part:(L,W,R)=(58.32823pt, 480.85141pt, 58.32823pt)
* v-part:(T,H,B)=(58.32823pt, 728.39038pt, 58.32823pt)
* \paperwidth=597.50787pt
* \paperheight=845.04684pt
* \textwidth=480.85141pt
* \textheight=728.39038pt
* \oddsidemargin=-13.94176pt
* \evensidemargin=-13.94176pt
* \topmargin=-50.94176pt
* \headheight=12.0pt
* \headsep=25.0pt
* \topskip=11.0pt
* \footskip=30.0pt
* \marginparwidth=50.0pt
* \marginparsep=10.0pt
* \columnsep=10.0pt
* \skip\footins=10.0pt plus 4.0pt minus 2.0pt
* \hoffset=0.0pt
* \voffset=0.0pt
* \mag=1000
* \@twocolumnfalse
* \@twosidefalse
* \@mparswitchfalse
* \@reversemarginfalse
* (1in=72.27pt=25.4mm, 1cm=28.453pt)

LaTeX Info: Redefining \microtypecontext on input line 41.
Package microtype Info: Applying patch `item' on input line 41.
Package microtype Info: Applying patch `toc' on input line 41.
Package microtype Info: Applying patch `eqnum' on input line 41.
Package microtype Info: Applying patch `footnote' on input line 41.
Package microtype Info: Applying patch `verbatim' on input line 41.
LaTeX Info: Redefining \microtypesetup on input line 41.
Package microtype Info: Generating PDF output.
Package microtype Info: Character protrusion enabled (level 2).
Package microtype Info: Using default protrusion set `alltext'.
Package microtype Info: Automatic font expansion enabled (level 2),
(microtype)             stretch: 20, shrink: 20, step: 1, non-selected.
Package microtype Info: Using default expansion set `alltext-nott'.
Package microtype Info: Patching command `\showhyphens'.
Package microtype Info: No adjustment of tracking.
Package microtype Info: No adjustment of interword spacing.
Package microtype Info: No adjustment of character kerning.
(/Users/sindrimasson/Library/TinyTeX/texmf-dist/tex/latex/microtype/mt-cmr.cfg
File: mt-cmr.cfg 2013/05/19 v2.2 microtype config. file: Computer Modern Roman (RS)
) (/Users/sindrimasson/Library/TinyTeX/texmf-dist/tex/latex/epstopdf-pkg/epstopdf-base.sty
Package: epstopdf-base 2020-01-24 v2.11 Base part for package epstopdf
Package epstopdf-base Info: Redefining graphics rule for `.eps' on input line 485.
 (/Users/sindrimasson/Library/TinyTeX/texmf-dist/tex/latex/latexconfig/epstopdf-sys.cfg
File: epstopdf-sys.cfg 2010/07/13 v1.3 Configuration of (r)epstopdf for TeX Live
))
Package hyperref Info: Link coloring ON on input line 41.
 (build/p2_1_delivery.out) (build/p2_1_delivery.out)
\@outlinefile=\write3
\openout3 = `p2_1_delivery.out'.

LaTeX Font Info:    Trying to load font information for OT1+lmr on input line 45.
 (/Users/sindrimasson/Library/TinyTeX/texmf-dist/tex/latex/lm/ot1lmr.fd
File: ot1lmr.fd 2015/05/01 v1.6.1 Font defs for Latin Modern
)
LaTeX Font Info:    Trying to load font information for OML+lmm on input line 45.
 (/Users/sindrimasson/Library/TinyTeX/texmf-dist/tex/latex/lm/omllmm.fd
File: omllmm.fd 2015/05/01 v1.6.1 Font defs for Latin Modern
)
LaTeX Font Info:    Trying to load font information for OMS+lmsy on input line 45.
 (/Users/sindrimasson/Library/TinyTeX/texmf-dist/tex/latex/lm/omslmsy.fd
File: omslmsy.fd 2015/05/01 v1.6.1 Font defs for Latin Modern
)
LaTeX Font Info:    Trying to load font information for OMX+lmex on input line 45.
 (/Users/sindrimasson/Library/TinyTeX/texmf-dist/tex/latex/lm/omxlmex.fd
File: omxlmex.fd 2015/05/01 v1.6.1 Font defs for Latin Modern
)
LaTeX Font Info:    External font `lmex10' loaded for size
(Font)              <12> on input line 45.
LaTeX Font Info:    External font `lmex10' loaded for size
(Font)              <8> on input line 45.
LaTeX Font Info:    External font `lmex10' loaded for size
(Font)              <6> on input line 45.
LaTeX Font Info:    External font `lmex10' loaded for size
(Font)              <10.95> on input line 57.
LaTeX Font Info:    Trying to load font information for T1+lmtt on input line 57.
 (/Users/sindrimasson/Library/TinyTeX/texmf-dist/tex/latex/lm/t1lmtt.fd
File: t1lmtt.fd 2015/05/01 v1.6.1 Font defs for Latin Modern
)
Package microtype Info: Loading generic protrusion settings for font family
(microtype)             `lmtt' (encoding: T1).
(microtype)             For optimal results, create family-specific settings.
(microtype)             See the microtype manual for details.

Overfull \hbox (6.79999pt too wide) in paragraph at lines 72--73
 [][] 
 []

[1

{/Users/sindrimasson/Library/TinyTeX/texmf-var/fonts/map/pdftex/updmap/pdftex.map}{/Users/sindrimasson/Library/TinyTeX/texmf-dist/fonts/enc/dvips/lm/lm-ec.enc}{/Users/sindrimasson/Library/TinyTeX/texmf-dist/fonts/enc/dvips/lm/lm-mathsy.enc}]
Overfull \hbox (2.90538pt too wide) in paragraph at lines 87--87
[]|\T1/lmr/m/n/10.95 (-20) Consumption|  
 []

[2]
LaTeX Font Info:    Font shape `T1/lmtt/bx/n' in size <10.95> not available
(Font)              Font shape `T1/lmtt/b/n' tried instead on input line 101.
 [3]
LaTeX Font Info:    Trying to load font information for TS1+lmr on input line 123.
 (/Users/sindrimasson/Library/TinyTeX/texmf-dist/tex/latex/lm/ts1lmr.fd
File: ts1lmr.fd 2015/05/01 v1.6.1 Font defs for Latin Modern
) [4{/Users/sindrimasson/Library/TinyTeX/texmf-dist/fonts/enc/dvips/lm/lm-ts1.enc}{/Users/sindrimasson/Library/TinyTeX/texmf-dist/fonts/enc/dvips/lm/lm-rm.enc}{/Users/sindrimasson/Library/TinyTeX/texmf-dist/fonts/enc/dvips/lm/lm-mathit.enc}]
Overfull \hbox (17.33269pt too wide) in paragraph at lines 172--174
[]\T1/lmtt/b/n/10.95 exploitation/anomaly\_flags \T1/lmr/bx/n/10.95 (-20) Delta ta-ble. \T1/lmr/m/n/10.95 (-20) A Spark batch job reads \T1/lmtt/m/n/10.95 exploitation/network\_events
 []

[5]
Overfull \hbox (21.22385pt too wide) in paragraph at lines 193--194
\T1/lmr/m/n/10.95 (-20) A new Air-flow DAG \T1/lmtt/m/n/10.95 cybersecintel\_exploitation\_zone \T1/lmr/m/n/10.95 (-20) de-pends on \T1/lmtt/m/n/10.95 cybersecintel\_trusted\_zone\T1/lmr/m/n/10.95 (-20) .
 []


Underfull \hbox (badness 1655) in paragraph at lines 193--194
\T1/lmr/m/n/10.95 (+20) It runs five tasks: the join task (pro-duces \T1/lmtt/m/n/10.95 vuln\_enriched\T1/lmr/m/n/10.95 (+20) ), the union task (pro-duces
 []


Underfull \hbox (badness 1242) in paragraph at lines 193--194
\T1/lmtt/m/n/10.95 network\_events\T1/lmr/m/n/10.95 (+20) ), the IOC cor-re-la-tion task (pro-duces \T1/lmtt/m/n/10.95 ioc\_correlations\T1/lmr/m/n/10.95 (+20) ), the ML task
 []

[6{/Users/sindrimasson/Library/TinyTeX/texmf-dist/fonts/enc/dvips/lm/lm-mathex.enc}]
Overfull \hbox (78.5324pt too wide) in paragraph at lines 240--240
[]|\T1/lmtt/m/n/10.95 exploitation/vuln\_enriched \T1/lmr/m/n/10.95 (-20) (Delta), \T1/lmtt/m/n/10.95 exploitation/kpi/kpi\_vuln\_priority\_top50
 []


Overfull \hbox (78.5324pt too wide) in paragraph at lines 240--240
[]|\T1/lmtt/m/n/10.95 exploitation/network\_events \T1/lmr/m/n/10.95 (-20) (Delta), \T1/lmtt/m/n/10.95 exploitation/kpi/kpi\_daily\_alert\_counts
 []

LaTeX Font Info:    Font shape `T1/lmtt/bx/n' in size <12> not available
(Font)              Font shape `T1/lmtt/b/n' tried instead on input line 242.

Underfull \hbox (badness 10000) in paragraph at lines 259--259
[]|\T1/lmtt/m/n/10.95 trusted/kev $\OMS/lmsy/m/n/10.95  $ \T1/lmr/m/n/10.95 (+20) join $\OMS/lmsy/m/n/10.95 !$ \T1/lmtt/m/n/10.95 trusted/nvd\T1/lmr/m/n/10.95 (+20) , \T1/lmtt/m/n/10.95 trusted/epss\T1/lmr/m/n/10.95 (+20) ,
 []

[7]
Overfull \hbox (8.79338pt too wide) in paragraph at lines 263--264
\T1/lmtt/m/n/10.95 target\_path\T1/lmr/m/n/10.95 (-20) , \T1/lmtt/m/n/10.95 transformation\_name\T1/lmr/m/n/10.95 (-20) , \T1/lmtt/m/n/10.95 rows\_read\T1/lmr/m/n/10.95 (-20) , \T1/lmtt/m/n/10.95 rows\_written\T1/lmr/m/n/10.95 (-20) , \T1/lmtt/m/n/10.95 rows\_rejected\T1/lmr/m/n/10.95 (-20) , \T1/lmtt/m/n/10.95 started\_at\T1/lmr/m/n/10.95 (-20) ,
 []


Underfull \hbox (badness 10000) in paragraph at lines 281--281
[]|\T1/lmr/m/n/10 (+20) Spark jobs per source fam-ily and warm ag-gre-gates; Air-flow DAG
 []


Underfull \hbox (badness 1147) in paragraph at lines 281--281
[]|\T1/lmr/m/n/10 (+20) Updated di-a-gram (Fig-ure 1) shows all zones, stor-age ob-jects, data paths
 []


Underfull \hbox (badness 10000) in paragraph at lines 281--283

 []

[8]
Underfull \hbox (badness 1527) in paragraph at lines 295--296
[]\T1/lmr/m/n/10 (+20) scikit-learn Iso-la-tion For-est: [][]$\T1/lmtt/m/n/10 https : / / scikit-[]learn . org / stable / modules / generated / sklearn .
 []

[9] (build/p2_1_delivery.aux)
 ***********
LaTeX2e <2025-11-01>
L3 programming layer <2025-10-24>
 ***********
Package rerunfilecheck Info: File `p2_1_delivery.out' has not changed.
(rerunfilecheck)             Checksum: FB686C9F5C081D0F5813CA157995B0F1;4456.
 ) 
Here is how much of TeX's memory you used:
 13048 strings out of 469519
 207297 string characters out of 5469079
 665802 words of memory out of 5000000
 41277 multiletter control sequences out of 15000+600000
 710758 words of font info for 181 fonts, out of 8000000 for 9000
 14 hyphenation exceptions out of 8191
 75i,10n,79p,1014b,569s stack positions out of 10000i,1000n,20000p,200000b,200000s
</Users/sindrimasson/Library/TinyTeX/texmf-dist/fonts/type1/public/lm/lmbx10.pfb></Users/sindrimasson/Library/TinyTeX/texmf-dist/fonts/type1/public/lm/lmbx12.pfb></Users/sindrimasson/Library/TinyTeX/texmf-dist/fonts/type1/public/lm/lmex10.pfb></Users/sindrimasson/Library/TinyTeX/texmf-dist/fonts/type1/public/lm/lmmi10.pfb></Users/sindrimasson/Library/TinyTeX/texmf-dist/fonts/type1/public/lm/lmr10.pfb></Users/sindrimasson/Library/TinyTeX/texmf-dist/fonts/type1/public/lm/lmr12.pfb></Users/sindrimasson/Library/TinyTeX/texmf-dist/fonts/type1/public/lm/lmr17.pfb></Users/sindrimasson/Library/TinyTeX/texmf-dist/fonts/type1/public/lm/lmr8.pfb></Users/sindrimasson/Library/TinyTeX/texmf-dist/fonts/type1/public/lm/lmri10.pfb></Users/sindrimasson/Library/TinyTeX/texmf-dist/fonts/type1/public/lm/lmsy10.pfb></Users/sindrimasson/Library/TinyTeX/texmf-dist/fonts/type1/public/lm/lmtk10.pfb></Users/sindrimasson/Library/TinyTeX/texmf-dist/fonts/type1/public/lm/lmtt10.pfb></Users/sindrimasson/Library/TinyTeX/texmf-dist/fonts/type1/public/lm/lmtti10.pfb>
Output written on build/p2_1_delivery.pdf (9 pages, 307623 bytes).
PDF statistics:
 268 PDF objects out of 1000 (max. 8388607)
 226 compressed objects within 3 object streams
 47 named destinations out of 1000 (max. 500000)
 49889 words of extra memory for PDF output out of 51595 (max. 10000000)

