[2026-03-12T18:35:00.285+0000] {local_task_job_runner.py:123} INFO - ::group::Pre task execution logs
[2026-03-12T18:35:00.299+0000] {taskinstance.py:2613} INFO - Dependencies all met for dep_context=non-requeueable deps ti=<TaskInstance: cybersecintel_api_expansion_ingestion.ingest_threatfox manual__2026-03-12T18:34:19+00:00 [queued]>
[2026-03-12T18:35:00.303+0000] {taskinstance.py:2613} INFO - Dependencies all met for dep_context=requeueable deps ti=<TaskInstance: cybersecintel_api_expansion_ingestion.ingest_threatfox manual__2026-03-12T18:34:19+00:00 [queued]>
[2026-03-12T18:35:00.304+0000] {taskinstance.py:2866} INFO - Starting attempt 1 of 3
[2026-03-12T18:35:00.310+0000] {taskinstance.py:2889} INFO - Executing <Task(PythonOperator): ingest_threatfox> on 2026-03-12 18:34:19+00:00
[2026-03-12T18:35:00.315+0000] {standard_task_runner.py:104} INFO - Running: ['***', 'tasks', 'run', 'cybersecintel_api_expansion_ingestion', 'ingest_threatfox', 'manual__2026-03-12T18:34:19+00:00', '--job-id', '44', '--raw', '--subdir', 'DAGS_FOLDER/api_expansion_ingestion_dag.py', '--cfg-path', '/tmp/tmp8xp_ubdf']
[2026-03-12T18:35:00.317+0000] {standard_task_runner.py:105} INFO - Job 44: Subtask ingest_threatfox
[2026-03-12T18:35:00.318+0000] {logging_mixin.py:190} WARNING - /home/***/.local/lib/python3.12/site-packages/***/task/task_runner/standard_task_runner.py:70 DeprecationWarning: This process (pid=202) is multi-threaded, use of fork() may lead to deadlocks in the child.
[2026-03-12T18:35:00.319+0000] {standard_task_runner.py:72} INFO - Started process 204 to run task
[2026-03-12T18:35:00.406+0000] {task_command.py:467} INFO - Running <TaskInstance: cybersecintel_api_expansion_ingestion.ingest_threatfox manual__2026-03-12T18:34:19+00:00 [running]> on host e904342b628a
[2026-03-12T18:35:00.471+0000] {taskinstance.py:3132} INFO - Exporting env vars: AIRFLOW_CTX_DAG_OWNER='cybersecintel' AIRFLOW_CTX_DAG_ID='cybersecintel_api_expansion_ingestion' AIRFLOW_CTX_TASK_ID='ingest_threatfox' AIRFLOW_CTX_EXECUTION_DATE='2026-03-12T18:34:19+00:00' AIRFLOW_CTX_TRY_NUMBER='1' AIRFLOW_CTX_DAG_RUN_ID='manual__2026-03-12T18:34:19+00:00'
[2026-03-12T18:35:00.472+0000] {taskinstance.py:731} INFO - ::endgroup::
[2026-03-12T18:35:05.668+0000] {taskinstance.py:3311} ERROR - Task failed with exception
Traceback (most recent call last):
  File "/home/airflow/.local/lib/python3.12/site-packages/airflow/models/taskinstance.py", line 767, in _execute_task
    result = _execute_callable(context=context, **execute_callable_kwargs)
             ^^^^^^^^^^^^^^^^^^^^^^^^^^^^^^^^^^^^^^^^^^^^^^^^^^^^^^^^^^^^^
  File "/home/airflow/.local/lib/python3.12/site-packages/airflow/models/taskinstance.py", line 733, in _execute_callable
    return ExecutionCallableRunner(
           ^^^^^^^^^^^^^^^^^^^^^^^^
  File "/home/airflow/.local/lib/python3.12/site-packages/airflow/utils/operator_helpers.py", line 252, in run
    return self.func(*args, **kwargs)
           ^^^^^^^^^^^^^^^^^^^^^^^^^^
  File "/home/airflow/.local/lib/python3.12/site-packages/airflow/models/baseoperator.py", line 422, in wrapper
    return func(self, *args, **kwargs)
           ^^^^^^^^^^^^^^^^^^^^^^^^^^^
  File "/home/airflow/.local/lib/python3.12/site-packages/airflow/operators/python.py", line 238, in execute
    return_value = self.execute_callable()
                   ^^^^^^^^^^^^^^^^^^^^^^^
  File "/home/airflow/.local/lib/python3.12/site-packages/airflow/operators/python.py", line 256, in execute_callable
    return runner.run(*self.op_args, **self.op_kwargs)
           ^^^^^^^^^^^^^^^^^^^^^^^^^^^^^^^^^^^^^^^^^^^
  File "/home/airflow/.local/lib/python3.12/site-packages/airflow/utils/operator_helpers.py", line 252, in run
    return self.func(*args, **kwargs)
           ^^^^^^^^^^^^^^^^^^^^^^^^^^
  File "/opt/airflow/dags/api_expansion_ingestion_dag.py", line 51, in ingest_threatfox_task
    return run(
           ^^^^
  File "/opt/project/ingestion/batch/threatfox_ingest.py", line 65, in run
    payload = fetch_bytes(
              ^^^^^^^^^^^^
  File "/opt/project/ingestion/common/http_utils.py", line 47, in fetch_bytes
    raise RuntimeError(f"Failed to fetch {url} after {retries} attempts: {last_error}")
RuntimeError: Failed to fetch https://threatfox.abuse.ch/api/v1/ after 3 attempts: HTTP Error 404: Not Found
[2026-03-12T18:35:05.687+0000] {taskinstance.py:1225} INFO - Marking task as UP_FOR_RETRY. dag_id=cybersecintel_api_expansion_ingestion, task_id=ingest_threatfox, run_id=manual__2026-03-12T18:34:19+00:00, execution_date=20260312T183419, start_date=20260312T183500, end_date=20260312T183505
[2026-03-12T18:35:05.695+0000] {taskinstance.py:340} INFO - ::group::Post task execution logs
[2026-03-12T18:35:05.696+0000] {standard_task_runner.py:124} ERROR - Failed to execute job 44 for task ingest_threatfox (Failed to fetch https://threatfox.abuse.ch/api/v1/ after 3 attempts: HTTP Error 404: Not Found; 204)
Traceback (most recent call last):
  File "/home/airflow/.local/lib/python3.12/site-packages/airflow/task/task_runner/standard_task_runner.py", line 117, in _start_by_fork
    ret = args.func(args, dag=self.dag)
          ^^^^^^^^^^^^^^^^^^^^^^^^^^^^^
  File "/home/airflow/.local/lib/python3.12/site-packages/airflow/cli/cli_config.py", line 49, in command
    return func(*args, **kwargs)
           ^^^^^^^^^^^^^^^^^^^^^
  File "/home/airflow/.local/lib/python3.12/site-packages/airflow/utils/cli.py", line 116, in wrapper
    return f(*args, **kwargs)
           ^^^^^^^^^^^^^^^^^^
  File "/home/airflow/.local/lib/python3.12/site-packages/airflow/cli/commands/task_command.py", line 483, in task_run
    task_return_code = _run_task_by_selected_method(args, _dag, ti)
                       ^^^^^^^^^^^^^^^^^^^^^^^^^^^^^^^^^^^^^^^^^^^^
  File "/home/airflow/.local/lib/python3.12/site-packages/airflow/cli/commands/task_command.py", line 256, in _run_task_by_selected_method
    return _run_raw_task(args, ti)
           ^^^^^^^^^^^^^^^^^^^^^^^
  File "/home/airflow/.local/lib/python3.12/site-packages/airflow/cli/commands/task_command.py", line 341, in _run_raw_task
    return ti._run_raw_task(
           ^^^^^^^^^^^^^^^^^
  File "/home/airflow/.local/lib/python3.12/site-packages/airflow/utils/session.py", line 97, in wrapper
    return func(*args, session=session, **kwargs)
           ^^^^^^^^^^^^^^^^^^^^^^^^^^^^^^^^^^^^^^
  File "/home/airflow/.local/lib/python3.12/site-packages/airflow/models/taskinstance.py", line 3005, in _run_raw_task
    return _run_raw_task(
           ^^^^^^^^^^^^^^
  File "/home/airflow/.local/lib/python3.12/site-packages/airflow/models/taskinstance.py", line 273, in _run_raw_task
    TaskInstance._execute_task_with_callbacks(
  File "/home/airflow/.local/lib/python3.12/site-packages/airflow/models/taskinstance.py", line 3159, in _execute_task_with_callbacks
    result = self._execute_task(context, task_orig)
             ^^^^^^^^^^^^^^^^^^^^^^^^^^^^^^^^^^^^^^
  File "/home/airflow/.local/lib/python3.12/site-packages/airflow/models/taskinstance.py", line 3183, in _execute_task
    return _execute_task(self, context, task_orig)
           ^^^^^^^^^^^^^^^^^^^^^^^^^^^^^^^^^^^^^^^
  File "/home/airflow/.local/lib/python3.12/site-packages/airflow/models/taskinstance.py", line 767, in _execute_task
    result = _execute_callable(context=context, **execute_callable_kwargs)
             ^^^^^^^^^^^^^^^^^^^^^^^^^^^^^^^^^^^^^^^^^^^^^^^^^^^^^^^^^^^^^
  File "/home/airflow/.local/lib/python3.12/site-packages/airflow/models/taskinstance.py", line 733, in _execute_callable
    return ExecutionCallableRunner(
           ^^^^^^^^^^^^^^^^^^^^^^^^
  File "/home/airflow/.local/lib/python3.12/site-packages/airflow/utils/operator_helpers.py", line 252, in run
    return self.func(*args, **kwargs)
           ^^^^^^^^^^^^^^^^^^^^^^^^^^
  File "/home/airflow/.local/lib/python3.12/site-packages/airflow/models/baseoperator.py", line 422, in wrapper
    return func(self, *args, **kwargs)
           ^^^^^^^^^^^^^^^^^^^^^^^^^^^
  File "/home/airflow/.local/lib/python3.12/site-packages/airflow/operators/python.py", line 238, in execute
    return_value = self.execute_callable()
                   ^^^^^^^^^^^^^^^^^^^^^^^
  File "/home/airflow/.local/lib/python3.12/site-packages/airflow/operators/python.py", line 256, in execute_callable
    return runner.run(*self.op_args, **self.op_kwargs)
           ^^^^^^^^^^^^^^^^^^^^^^^^^^^^^^^^^^^^^^^^^^^
  File "/home/airflow/.local/lib/python3.12/site-packages/airflow/utils/operator_helpers.py", line 252, in run
    return self.func(*args, **kwargs)
           ^^^^^^^^^^^^^^^^^^^^^^^^^^
  File "/opt/airflow/dags/api_expansion_ingestion_dag.py", line 51, in ingest_threatfox_task
    return run(
           ^^^^
  File "/opt/project/ingestion/batch/threatfox_ingest.py", line 65, in run
    payload = fetch_bytes(
              ^^^^^^^^^^^^
  File "/opt/project/ingestion/common/http_utils.py", line 47, in fetch_bytes
    raise RuntimeError(f"Failed to fetch {url} after {retries} attempts: {last_error}")
RuntimeError: Failed to fetch https://threatfox.abuse.ch/api/v1/ after 3 attempts: HTTP Error 404: Not Found
[2026-03-12T18:35:05.726+0000] {local_task_job_runner.py:266} INFO - Task exited with return code 1
[2026-03-12T18:35:05.739+0000] {taskinstance.py:3895} INFO - 0 downstream tasks scheduled from follow-on schedule check
[2026-03-12T18:35:05.739+0000] {local_task_job_runner.py:245} INFO - ::endgroup::
